<?xml version="1.0" encoding="UTF-8"?>
<robot generator="Robot 5.0.1 (Python 3.9.13 on win32)" generated="20220909 18:12:27.053" rpa="true" schemaversion="3">
<suite id="s1" name="Tasks" source="d:\RPA\arcdps-robot\tasks.robot">
<test id="s1-t1" name="Install latest Arcdps for Guild Wars 2" line="18">
<kw name="Check Guild Wars 2 folder exists">
<kw name="Directory Should Exist" library="OperatingSystem">
<arg>path=${GW2_FOLDER_PATH}</arg>
<doc>Fails unless the given path points to an existing directory.</doc>
<msg timestamp="20220909 18:12:28.010" level="INFO" html="true">Directory '&lt;a href="file://C:\Program Files\Guild Wars 2"&gt;C:\Program Files\Guild Wars 2&lt;/a&gt;' exists.</msg>
<status status="PASS" starttime="20220909 18:12:28.010" endtime="20220909 18:12:28.010"/>
</kw>
<status status="PASS" starttime="20220909 18:12:28.010" endtime="20220909 18:12:28.011"/>
</kw>
<kw name="Check is Arcdps installed">
<kw name="Does File Exist" library="RPA.FileSystem">
<var>${file_exists}</var>
<arg>path=${GW2_FOLDER_PATH}\\${ARCDPS_DLL}</arg>
<doc>Returns True if the given file exists, False if not.</doc>
<msg timestamp="20220909 18:12:28.012" level="INFO">${file_exists} = True</msg>
<status status="PASS" starttime="20220909 18:12:28.011" endtime="20220909 18:12:28.012"/>
</kw>
<if>
<branch type="IF" condition="${file_exists} is False">
<kw name="Download and Install latest Arcdps">
<status status="NOT RUN" starttime="20220909 18:12:28.013" endtime="20220909 18:12:28.013"/>
</kw>
<status status="NOT RUN" starttime="20220909 18:12:28.013" endtime="20220909 18:12:28.013"/>
</branch>
<branch type="ELSE">
<kw name="Check latest version">
<kw name="Get File Modified Date" library="RPA.FileSystem">
<var>${local_version}</var>
<arg>path=${GW2_FOLDER_PATH}\\${ARCDPS_DLL}</arg>
<doc>Returns the modified time in seconds.</doc>
<msg timestamp="20220909 18:12:28.014" level="INFO">${local_version} = 1662729783.9403248</msg>
<status status="PASS" starttime="20220909 18:12:28.013" endtime="20220909 18:12:28.014"/>
</kw>
<kw name="Retrieve last modified Date">
<var>${latest_version}</var>
<kw name="Open Headless Chrome Browser" library="RPA.Browser.Selenium">
<arg>${ARCDPS_WEBSITE_URL}</arg>
<doc>Open Chrome browser in headless mode.</doc>
<msg timestamp="20220909 18:12:28.014" level="INFO">Creating an instance of the Chrome WebDriver.</msg>
<msg timestamp="20220909 18:12:28.029" level="INFO">Created download root directory: C:\Users\Jani\AppData\Local\robocorp\webdrivers</msg>
<msg timestamp="20220909 18:12:28.030" level="INFO">Created symlink directory: C:\Users\Jani\AppData\Local\robocorp\webdrivers</msg>
<msg timestamp="20220909 18:12:28.030" level="INFO">Creating an instance of the Chrome WebDriver.</msg>
<msg timestamp="20220909 18:12:29.018" level="INFO">Created Chrome browser with arguments: --headless --disable-gpu --window-size=1440,900 --disable-dev-shm-usage --disable-web-security --allow-running-insecure-content --no-sandbox</msg>
<msg timestamp="20220909 18:12:29.018" level="INFO" html="true">&lt;p&gt;Attempted combinations:&lt;/p&gt;&lt;div class="doc"&gt;&lt;table&gt;&lt;tr&gt;&lt;th&gt;Browser&lt;/th&gt;&lt;th&gt;Download&lt;/th&gt;&lt;th&gt;Error&lt;/th&gt;&lt;/tr&gt;&lt;tr&gt;&lt;td&gt;Chrome&lt;/td&gt;&lt;td&gt;False&lt;/td&gt;&lt;td&gt;Message: 'chromedriver' executable needs to be in PATH. Please see https://sites.google.com/a/chromium.org/chromedriver/home
&lt;/td&gt;&lt;/tr&gt;&lt;tr&gt;&lt;td&gt;Chrome&lt;/td&gt;&lt;td&gt;True&lt;/td&gt;&lt;td&gt;&lt;/td&gt;&lt;/tr&gt;&lt;/table&gt;&lt;/div&gt;</msg>
<msg timestamp="20220909 18:12:29.018" level="INFO">Opening url 'https://www.deltaconnected.com/arcdps/x64/'</msg>
<status status="PASS" starttime="20220909 18:12:28.014" endtime="20220909 18:12:29.171"/>
</kw>
<kw name="Get Table Cell" library="RPA.Browser.Selenium">
<var>${table_data}</var>
<arg>xpath://table[@id="indexlist"]</arg>
<arg>3</arg>
<arg>2</arg>
<doc>Returns contents of a table cell.</doc>
<msg timestamp="20220909 18:12:29.223" level="INFO">${table_data} = 2022-08-27 21:58</msg>
<status status="PASS" starttime="20220909 18:12:29.171" endtime="20220909 18:12:29.223"/>
</kw>
<kw name="Datetime To Timestamp" library="TimeConverter">
<var>${converted_data}</var>
<arg>${table_data}</arg>
<msg timestamp="20220909 18:12:29.229" level="INFO">${converted_data} = 1661626680.0</msg>
<status status="PASS" starttime="20220909 18:12:29.223" endtime="20220909 18:12:29.229"/>
</kw>
<return>
<value>${converted_data}</value>
<status status="PASS" starttime="20220909 18:12:29.229" endtime="20220909 18:12:29.229"/>
</return>
<msg timestamp="20220909 18:12:29.229" level="INFO">${latest_version} = 1661626680.0</msg>
<status status="PASS" starttime="20220909 18:12:28.014" endtime="20220909 18:12:29.229"/>
</kw>
<if>
<branch type="IF" condition="${local_version} &lt; ${latest_version}">
<kw name="Download and Install latest Arcdps">
<status status="NOT RUN" starttime="20220909 18:12:29.229" endtime="20220909 18:12:29.229"/>
</kw>
<status status="NOT RUN" starttime="20220909 18:12:29.229" endtime="20220909 18:12:29.229"/>
</branch>
<status status="PASS" starttime="20220909 18:12:29.229" endtime="20220909 18:12:29.230"/>
</if>
<status status="PASS" starttime="20220909 18:12:28.013" endtime="20220909 18:12:29.230"/>
</kw>
<status status="PASS" starttime="20220909 18:12:28.013" endtime="20220909 18:12:29.230"/>
</branch>
<status status="PASS" starttime="20220909 18:12:28.012" endtime="20220909 18:12:29.230"/>
</if>
<status status="PASS" starttime="20220909 18:12:28.011" endtime="20220909 18:12:29.230"/>
</kw>
<status status="PASS" starttime="20220909 18:12:28.009" endtime="20220909 18:12:29.230"/>
</test>
<doc>Install latest Arcdps for Guild Wars 2</doc>
<status status="PASS" starttime="20220909 18:12:27.054" endtime="20220909 18:12:29.233"/>
</suite>
<statistics>
<total>
<stat pass="1" fail="0" skip="0">All Tasks</stat>
</total>
<tag>
</tag>
<suite>
<stat pass="1" fail="0" skip="0" id="s1" name="Tasks">Tasks</stat>
</suite>
</statistics>
<errors>
</errors>
</robot>
